SF:lib\features\home\presentation\view\bottom_bar.dart
DA:9,2
DA:15,2
DA:17,2
DA:40,2
DA:41,2
LF:5
LH:5
end_of_record
SF:lib\config\constants\api_endpoints.dart
DA:2,0
LF:1
LH:0
end_of_record
SF:lib\config\constants\theme_constant.dart
DA:4,0
LF:1
LH:0
end_of_record
SF:lib\config\router\app_route.dart
DA:7,0
DA:14,2
DA:15,2
DA:16,0
DA:17,1
DA:18,2
DA:19,1
LF:7
LH:5
end_of_record
SF:lib\features\auth\presentation\view\sign_in.dart
DA:11,3
DA:13,2
DA:14,2
DA:24,2
DA:26,2
DA:28,2
DA:30,2
DA:34,2
DA:45,2
DA:52,2
DA:53,2
DA:54,2
DA:56,2
DA:57,2
DA:58,2
DA:60,2
DA:71,2
DA:84,2
DA:85,2
DA:93,1
DA:94,1
DA:101,2
DA:103,2
DA:104,2
DA:105,2
DA:110,2
DA:111,2
DA:112,2
DA:114,0
DA:115,0
DA:116,0
DA:121,1
DA:122,1
DA:129,2
DA:131,2
DA:132,1
DA:133,3
DA:134,5
DA:136,2
DA:137,2
DA:141,2
DA:143,2
DA:153,2
DA:155,2
DA:156,0
DA:157,0
DA:159,2
DA:161,2
LF:48
LH:43
end_of_record
SF:lib\features\auth\presentation\view\sign_up.dart
DA:14,3
DA:16,1
DA:17,1
DA:45,1
DA:47,3
DA:48,1
DA:50,1
DA:52,1
DA:56,1
DA:67,1
DA:74,1
DA:75,1
DA:77,1
DA:78,1
DA:79,1
DA:80,1
DA:82,1
DA:93,1
DA:104,1
DA:105,1
DA:110,1
DA:111,1
DA:118,1
DA:119,1
DA:124,1
DA:125,1
DA:132,1
DA:133,1
DA:138,1
DA:139,1
DA:146,1
DA:147,1
DA:152,1
DA:153,1
DA:160,1
DA:161,1
DA:162,1
DA:163,1
DA:166,1
DA:167,1
DA:168,1
DA:170,0
DA:171,0
DA:172,0
DA:177,1
DA:178,1
DA:185,1
DA:187,1
DA:188,1
DA:189,3
DA:191,1
DA:192,2
DA:193,2
DA:194,2
DA:195,2
DA:196,2
DA:199,1
DA:200,3
DA:201,1
DA:203,1
DA:204,0
DA:205,0
DA:210,1
DA:216,1
DA:219,1
DA:221,1
DA:231,1
DA:233,1
DA:234,0
DA:235,0
DA:237,1
DA:239,1
LF:72
LH:65
end_of_record
SF:lib\features\home\presentation\view\dash_board.dart
DA:10,3
DA:12,1
DA:13,1
DA:19,0
DA:20,0
DA:21,0
DA:32,1
DA:34,1
DA:35,1
DA:36,1
DA:37,3
LF:11
LH:8
end_of_record
SF:lib\features\splash\presentation\view\splash_view.dart
DA:7,3
DA:9,0
DA:10,0
DA:14,0
DA:16,0
DA:18,0
DA:20,0
DA:23,0
DA:25,0
DA:26,0
DA:27,0
DA:28,0
DA:29,0
DA:31,0
DA:32,0
DA:35,0
DA:50,0
DA:52,0
LF:18
LH:1
end_of_record
SF:lib\core\common\snackbar\my_snackbar.dart
DA:3,1
DA:8,2
DA:9,1
DA:10,1
LF:4
LH:4
end_of_record
SF:lib\core\failure\failure.dart
DA:5,0
LF:1
LH:0
end_of_record
SF:lib\core\network\remote\dio_error_interception.dart
DA:4,0
DA:6,0
DA:8,0
DA:9,0
DA:10,0
DA:11,0
DA:12,0
DA:13,0
DA:14,0
DA:17,0
DA:18,0
DA:19,0
DA:21,0
DA:26,0
DA:27,0
DA:29,0
DA:32,0
LF:17
LH:0
end_of_record
SF:lib\core\network\remote\http_service.dart
DA:8,0
DA:9,0
DA:15,0
DA:17,0
DA:18,0
DA:19,0
DA:20,0
DA:21,0
DA:22,0
DA:23,0
DA:25,0
LF:11
LH:0
end_of_record
SF:lib\core\shared_prefs\user_shared_preference.dart
DA:7,0
DA:8,0
DA:14,0
DA:16,0
DA:17,0
DA:18,0
DA:20,0
DA:25,0
DA:27,0
DA:28,0
DA:29,0
DA:31,0
LF:12
LH:0
end_of_record
SF:lib\features\auth\data\data_source\auth_remote_data_source.dart
DA:14,0
DA:15,0
DA:16,0
DA:17,0
DA:25,0
DA:27,0
DA:29,0
DA:31,0
DA:32,0
DA:33,0
DA:34,0
DA:35,0
DA:36,0
DA:39,0
DA:42,0
DA:43,0
DA:44,0
DA:45,0
DA:49,0
DA:50,0
DA:51,0
DA:52,0
DA:53,0
DA:60,0
DA:64,0
DA:65,0
DA:66,0
DA:67,0
DA:68,0
DA:74,0
DA:79,0
DA:80,0
DA:81,0
DA:82,0
DA:83,0
DA:84,0
DA:90,0
DA:95,0
DA:97,0
DA:102,0
DA:104,0
DA:105,0
DA:108,0
DA:109,0
DA:110,0
DA:111,0
DA:115,0
DA:116,0
DA:117,0
DA:118,0
DA:119,0
LF:51
LH:0
end_of_record
SF:lib\features\auth\domain\entity\user_entity.dart
DA:12,2
DA:22,1
DA:23,6
LF:3
LH:3
end_of_record
SF:lib\features\auth\data\repository\auth_remote_repository.dart
DA:11,0
DA:12,0
DA:13,0
DA:14,0
DA:20,0
DA:22,0
DA:24,0
DA:27,0
DA:29,0
DA:32,0
DA:34,0
LF:11
LH:0
end_of_record
SF:lib\features\auth\domain\repository\auth_repository.dart
DA:10,0
DA:11,0
LF:2
LH:0
end_of_record
SF:lib\features\auth\domain\use_case\auth_usecase.dart
DA:10,0
DA:11,0
DA:12,0
DA:19,0
DA:21,0
DA:22,0
DA:25,0
DA:26,0
DA:29,0
DA:31,0
LF:10
LH:0
end_of_record
SF:lib\features\auth\presentation\state\auth_state.dart
DA:6,2
DA:8,0
DA:9,0
DA:12,2
DA:13,2
DA:14,0
DA:15,2
DA:16,2
DA:19,0
DA:20,0
LF:10
LH:5
end_of_record
SF:lib\features\home\presentation\view\nav_drawer.dart
DA:7,9
DA:9,0
DA:11,0
DA:12,0
DA:14,0
DA:28,0
DA:31,0
DA:33,0
DA:36,0
DA:38,0
DA:41,0
DA:43,0
DA:46,0
DA:48,0
DA:51,0
DA:53,0
DA:56,0
DA:58,0
DA:61,0
LF:19
LH:1
end_of_record
SF:lib\features\auth\presentation\viewmodel\auth_viewmodel.dart
DA:12,4
DA:13,2
DA:14,0
DA:15,0
DA:22,6
DA:24,0
DA:25,0
DA:26,0
DA:27,0
DA:28,0
DA:29,0
DA:31,0
DA:32,0
DA:33,0
DA:38,1
DA:39,3
DA:40,2
DA:41,1
DA:42,0
DA:44,0
DA:46,4
DA:53,1
DA:55,3
DA:57,2
DA:58,1
DA:59,0
DA:60,0
DA:61,0
DA:62,0
DA:64,1
DA:65,3
DA:66,1
LF:32
LH:15
end_of_record
SF:lib\features\home\presentation\view\bottombarlist\home.dart
DA:7,3
DA:9,1
DA:11,1
DA:14,4
DA:16,1
DA:17,1
DA:19,1
DA:37,1
DA:38,1
DA:39,1
DA:40,1
DA:41,1
DA:42,1
DA:43,0
DA:44,0
DA:46,0
DA:47,0
DA:48,0
DA:52,1
DA:53,1
DA:54,1
DA:55,1
DA:56,1
DA:68,1
DA:95,1
DA:96,1
DA:97,1
DA:99,1
DA:100,1
DA:101,1
DA:102,0
DA:103,1
DA:105,1
DA:116,1
DA:117,1
DA:118,0
DA:119,1
DA:121,1
DA:143,1
DA:144,1
DA:145,1
DA:147,1
DA:148,1
DA:149,1
DA:150,0
DA:151,1
DA:153,1
DA:164,1
DA:165,1
DA:166,0
DA:167,1
DA:169,1
LF:52
LH:43
end_of_record
SF:lib\features\news\presentation\view\single_news_view.dart
DA:6,0
DA:8,0
DA:10,0
DA:11,0
DA:14,0
DA:16,0
DA:18,0
DA:30,0
DA:41,0
DA:42,0
DA:45,0
LF:11
LH:0
end_of_record
SF:lib\features\home\presentation\view\bottombarlist\news.dart
DA:7,3
DA:9,0
DA:10,0
DA:21,0
DA:23,0
DA:24,0
DA:25,0
DA:26,0
DA:28,0
DA:30,0
DA:32,0
DA:33,0
DA:34,0
DA:35,0
DA:36,0
DA:49,0
DA:50,0
DA:51,0
DA:52,0
DA:65,0
DA:66,0
DA:67,0
DA:68,0
DA:84,0
DA:86,0
DA:87,0
DA:88,0
DA:89,0
DA:90,0
DA:91,0
DA:93,0
DA:94,0
DA:95,0
DA:99,0
DA:100,0
DA:101,0
DA:103,0
DA:115,0
DA:126,0
LF:39
LH:1
end_of_record
SF:lib\features\home\presentation\view\bottombarlist\reviews.dart
DA:9,3
DA:11,0
DA:12,0
DA:39,0
DA:41,0
DA:42,0
DA:43,0
DA:45,0
DA:47,0
DA:49,0
DA:50,0
DA:51,0
DA:52,0
DA:53,0
DA:66,0
DA:67,0
DA:68,0
DA:69,0
DA:82,0
DA:83,0
DA:84,0
DA:85,0
DA:101,0
DA:102,0
DA:103,0
DA:104,0
DA:105,0
DA:106,0
DA:107,0
DA:109,0
DA:110,0
DA:111,0
DA:117,0
DA:119,0
DA:121,0
DA:122,0
DA:123,0
DA:128,0
DA:129,0
DA:131,0
DA:132,0
DA:133,0
DA:134,0
DA:135,0
LF:44
LH:1
end_of_record
SF:lib\features\vehicles\presentation\widget\rating_bar.dart
DA:7,0
DA:13,0
DA:14,0
DA:20,0
DA:22,0
DA:23,0
DA:26,0
DA:27,0
DA:28,0
DA:30,0
DA:33,0
DA:35,0
DA:37,0
DA:38,0
DA:39,0
DA:40,0
DA:43,0
LF:17
LH:0
end_of_record
SF:lib\features\vehicles\presentation\view\single_vehicle_view.dart
DA:10,0
DA:12,0
DA:14,0
DA:16,0
DA:17,0
DA:20,0
DA:22,0
DA:24,0
DA:33,0
DA:44,0
DA:54,0
DA:55,0
DA:56,0
LF:13
LH:0
end_of_record
SF:lib\features\vehicles\domain\entity\vehicle_entity.dart
DA:8,0
LF:1
LH:0
end_of_record
SF:lib\features\home\presentation\view\bottombarlist\stores.dart
DA:4,3
DA:6,0
DA:8,0
DA:9,0
DA:10,0
DA:11,0
LF:6
LH:1
end_of_record
SF:lib\features\home\presentation\view\top_bar.dart
DA:13,1
DA:20,1
DA:22,1
DA:24,1
DA:26,1
DA:30,1
DA:40,1
DA:41,1
DA:42,1
DA:43,1
LF:10
LH:10
end_of_record
